2026-06-16 12:39:55.793 [main] INFO  com.campus.CampusApplication - Starting CampusApplication using Java 21.0.4 with PID 29766 (/Users/liangchen0920/Downloads/College/软件协同/One-Stop-Future/backend/target/classes started by liangchen0920 in /Users/liangchen0920/Downloads/College/软件协同/One-Stop-Future/backend)
2026-06-16 12:39:55.794 [main] DEBUG com.campus.CampusApplication - Running with Spring Boot v3.3.4, Spring v6.1.13
2026-06-16 12:39:55.794 [main] INFO  com.campus.CampusApplication - No active profile set, falling back to 1 default profile: "default"
2026-06-16 12:39:56.298 [main] INFO  o.s.d.r.c.RepositoryConfigurationDelegate - Multiple Spring Data modules found, entering strict repository configuration mode
2026-06-16 12:39:56.300 [main] INFO  o.s.d.r.c.RepositoryConfigurationDelegate - Bootstrapping Spring Data Elasticsearch repositories in DEFAULT mode.
2026-06-16 12:39:56.323 [main] INFO  o.s.d.r.c.RepositoryConfigurationDelegate - Finished Spring Data repository scanning in 20 ms. Found 0 Elasticsearch repository interfaces.
2026-06-16 12:39:56.326 [main] INFO  o.s.d.r.c.RepositoryConfigurationDelegate - Multiple Spring Data modules found, entering strict repository configuration mode
2026-06-16 12:39:56.326 [main] INFO  o.s.d.r.c.RepositoryConfigurationDelegate - Bootstrapping Spring Data Reactive Elasticsearch repositories in DEFAULT mode.
2026-06-16 12:39:56.331 [main] INFO  o.s.d.r.c.RepositoryConfigurationDelegate - Finished Spring Data repository scanning in 4 ms. Found 0 Reactive Elasticsearch repository interfaces.
2026-06-16 12:39:56.339 [main] INFO  o.s.d.r.c.RepositoryConfigurationDelegate - Multiple Spring Data modules found, entering strict repository configuration mode
2026-06-16 12:39:56.339 [main] INFO  o.s.d.r.c.RepositoryConfigurationDelegate - Bootstrapping Spring Data Redis repositories in DEFAULT mode.
2026-06-16 12:39:56.348 [main] INFO  o.s.d.r.c.RepositoryConfigurationDelegate - Finished Spring Data repository scanning in 4 ms. Found 0 Redis repository interfaces.
2026-06-16 12:39:56.736 [main] INFO  o.s.b.w.e.tomcat.TomcatWebServer - Tomcat initialized with port 8080 (http)
2026-06-16 12:39:56.827 [main] INFO  o.s.b.w.s.c.ServletWebServerApplicationContext - Root WebApplicationContext: initialization completed in 1016 ms
2026-06-16 12:39:56.894 [main] DEBUG c.c.web.CachingRequestBodyFilter - Filter 'cachingRequestBodyFilter' configured for use
2026-06-16 12:39:57.888 [main] INFO  o.s.s.c.a.a.c.InitializeUserDetailsBeanManagerConfigurer$InitializeUserDetailsManagerConfigurer - Global AuthenticationManager configured with UserDetailsService bean with name userDetailsService
2026-06-16 12:39:58.346 [main] WARN  o.s.b.w.s.c.AnnotationConfigServletWebServerApplicationContext - Exception encountered during context initialization - cancelling refresh attempt: org.springframework.context.ApplicationContextException: Failed to start bean 'webServerStartStop'
2026-06-16 12:39:58.360 [main] INFO  o.s.b.a.l.ConditionEvaluationReportLogger - 

Error starting ApplicationContext. To display the condition evaluation report re-run your application with 'debug' enabled.
2026-06-16 12:39:58.374 [main] ERROR o.s.b.d.LoggingFailureAnalysisReporter - 

***************************
APPLICATION FAILED TO START
***************************

Description:

Web server failed to start. Port 8080 was already in use.

Action:

Identify and stop the process that's listening on port 8080 or configure this application to listen on another port.

